<?xml version="1.0" encoding="UTF-8"?>
<!-- Generated by org.testng.reporters.JUnitXMLReporter -->
<testsuite ignored="0" hostname="DESKTOP-R7AFGD0" failures="1" tests="5" name="Surefire test" time="2.774" errors="0" timestamp="2024-12-07T21:02:55 EST">
  <testcase classname="com.spotify.oauth2.tests.PlaylistTests" name="ShouldNotBeAbleToCreateAPlaylistDueToWrongAccessToken" time="1.814"/>
  <testcase classname="com.spotify.oauth2.tests.PlaylistTests" name="ShouldNotBeAbleToCreateAPlaylistWithoutName" time="2.556"/>
  <testcase classname="com.spotify.oauth2.tests.PlaylistTests" name="ShouldBeAbleToCreateAPlaylist" time="2.62"/>
  <testcase classname="com.spotify.oauth2.tests.PlaylistTests" name="ShouldBeAbleToGetAPlaylist" time="2.62">
    <failure type="java.lang.AssertionError" message="
Expected: &amp;quot;Hubba Bubba is updated&amp;quot;
     but: was &amp;quot;Playlist  M8 O- lFG&amp;quot;">
      <![CDATA[java.lang.AssertionError: 
Expected: "Hubba Bubba is updated"
     but: was "Playlist  M8 O- lFG"
at org.hamcrest.MatcherAssert.assertThat(MatcherAssert.java:20)
at org.hamcrest.MatcherAssert.assertThat(MatcherAssert.java:6)
at com.spotify.oauth2.tests.PlaylistTests.assertPlaylistEqual(PlaylistTests.java:98)
at com.spotify.oauth2.tests.PlaylistTests.ShouldBeAbleToGetAPlaylist(PlaylistTests.java:46)
at java.base/java.util.concurrent.ThreadPoolExecutor.runWorker(ThreadPoolExecutor.java:1130)
at java.base/java.util.concurrent.ThreadPoolExecutor$Worker.run(ThreadPoolExecutor.java:630)
at java.base/java.lang.Thread.run(Thread.java:832)
... Removed 12 stack frames]]>
    </failure>
  </testcase> <!-- ShouldBeAbleToGetAPlaylist -->
  <testcase classname="com.spotify.oauth2.tests.PlaylistTests" name="ShouldBeAbleToUpdateAPlaylist" time="2.627"/>
</testsuite> <!-- Surefire test -->
