<?xml version="1.0" encoding="UTF-8"?>
<testsuite xmlns:xsi="http://www.w3.org/2001/XMLSchema-instance" xsi:noNamespaceSchemaLocation="https://maven.apache.org/surefire/maven-surefire-plugin/xsd/surefire-test-report-3.0.xsd" version="3.0" name="com.spotify.oauth2.tests.PlaylistTests" time="6.195" tests="5" errors="0" skipped="0" failures="0">
  <properties>
[...]
</properties>
  <testcase name="ShouldBeAbleToCreateAPlaylist" classname="com.spotify.oauth2.tests.PlaylistTests" time="4.605">
    <system-out><![CDATA[Renewing Token......
Request method:	POST
Request URI:	https://accounts.spotify.com/api/token
Proxy:			<none>
Request params:	<none>
Query params:	<none>
Form params:	refresh_token=AQCSg1bYTcaTw1sYBQhKH5ZGj5wDtgtHxIYoF__efmDB9drtkZ2-Zk8ISacM03pKcHSNzrfHMOhbYzgCdNDkq3VbXIZnCSMVk8k7vHURpIZGIxB1thPSEHXmDkXBk5vOrtc
				grant_type=refresh_token
				client_secret=5bc0d432e6f44101a901b00db9cadfbe
				client_id=987222215dae43669484b79bb7979911
Path params:	<none>
Headers:		Accept=*/*
				Content-Type=application/x-www-form-urlencoded; charset=ISO-8859-1
Cookies:		<none>
Multiparts:		<none>
Body:			<none>
HTTP/1.1 200 OK
date: Sat, 07 Dec 2024 03:40:23 GMT
content-type: application/json
vary: Accept-Encoding
x-request-id: ad8b2295-a32a-4be2-9483-70add6aa178e
set-cookie: __Host-device_id=AQAu4FbUggynbJguZik8k0mIs4fDOWpuWlocEjkGzfVtren-ln7nE-iUgKk0lf4FyznFljMJu88T1Ww0QKmYIgnPPzjrSI_BUNs;Version=1;Path=/;Max-Age=2147483647;Secure;HttpOnly;SameSite=Lax
set-cookie: sp_tr=false;Version=1;Domain=accounts.spotify.com;Path=/;Secure;SameSite=Lax
sp-trace-id: 685014790957cb28
content-encoding: gzip
x-envoy-upstream-service-time: 22
server: envoy
strict-transport-security: max-age=31536000
x-content-type-options: nosniff
Via: HTTP/2 edgeproxy, 1.1 google
Alt-Svc: h3=":443"; ma=2592000,h3-29=":443"; ma=2592000
Transfer-Encoding: chunked

{
    "access_token": "BQB2QcGm7xF-cgN4PWkCSnrXSNcUoKqZLf18c-lFJ-RxdwoP-uu9Lf_6ejfNXN77kgRonYae7qIm2FC7gepSFJ6YFwrbQ0TwRPjb5_JHhZgtvuvc2DPRjatLdIOpFsavBzSgjWrBKCxwnuOzLa7nj0qWhCYAYbmC2GTVdRIi3TptchzmzxiiPPeB6zwhzrtrlyWgV4BAYbFaxRYsUFGYw7JO2Dea_u-L5S5edS1C_wcXmWFROMuehqw4C3-j9Vto3MA1DYHFu_lQe87_lLvS",
    "token_type": "Bearer",
    "expires_in": 3600,
    "scope": "playlist-read-private playlist-read-collaborative playlist-modify-private playlist-modify-public"
}
Request method:	POST
Request URI:	https://api.spotify.com/v1/users/36o5twxqjd1dgdtwloha049ho/playlists
Proxy:			<none>
Request params:	<none>
Query params:	<none>
Form params:	<none>
Path params:	<none>
Headers:		Authorization=Bearer BQB2QcGm7xF-cgN4PWkCSnrXSNcUoKqZLf18c-lFJ-RxdwoP-uu9Lf_6ejfNXN77kgRonYae7qIm2FC7gepSFJ6YFwrbQ0TwRPjb5_JHhZgtvuvc2DPRjatLdIOpFsavBzSgjWrBKCxwnuOzLa7nj0qWhCYAYbmC2GTVdRIi3TptchzmzxiiPPeB6zwhzrtrlyWgV4BAYbFaxRYsUFGYw7JO2Dea_u-L5S5edS1C_wcXmWFROMuehqw4C3-j9Vto3MA1DYHFu_lQe87_lLvS
				Accept=*/*
				Content-Type=application/json
Cookies:		<none>
Multiparts:		<none>
Body:
{
    "description": "Awesome Chewing Gum WIth a Nice Song !",
    "name": "Hubba Bubba",
    "public": false
}
HTTP/1.1 201 Created
content-type: application/json; charset=utf-8
cache-control: private, max-age=0
x-robots-tag: noindex, nofollow
access-control-allow-origin: *
access-control-allow-headers: Accept, App-Platform, Authorization, Content-Type, Origin, Retry-After, Spotify-App-Version, X-Cloud-Trace-Context, client-token, content-access-token
access-control-allow-methods: GET, POST, OPTIONS, PUT, DELETE, PATCH
access-control-allow-credentials: true
access-control-max-age: 604800
content-encoding: gzip
strict-transport-security: max-age=31536000
x-content-type-options: nosniff
date: Sat, 07 Dec 2024 03:40:24 GMT
server: envoy
Via: HTTP/2 edgeproxy, 1.1 google
Alt-Svc: h3=":443"; ma=2592000,h3-29=":443"; ma=2592000
Transfer-Encoding: chunked

{
    "collaborative": false,
    "description": "Awesome Chewing Gum WIth a Nice Song !",
    "external_urls": {
        "spotify": "https://open.spotify.com/playlist/1199oCzyExChAMd2WvVBMH"
    },
    "followers": {
        "href": null,
        "total": 0
    },
    "href": "https://api.spotify.com/v1/playlists/1199oCzyExChAMd2WvVBMH",
    "id": "1199oCzyExChAMd2WvVBMH",
    "images": [
        
    ],
    "primary_color": null,
    "name": "Hubba Bubba",
    "type": "playlist",
    "uri": "spotify:playlist:1199oCzyExChAMd2WvVBMH",
    "owner": {
        "href": "https://api.spotify.com/v1/users/36o5twxqjd1dgdtwloha049ho",
        "id": "36o5twxqjd1dgdtwloha049ho",
        "type": "user",
        "uri": "spotify:user:36o5twxqjd1dgdtwloha049ho",
        "display_name": null,
        "external_urls": {
            "spotify": "https://open.spotify.com/user/36o5twxqjd1dgdtwloha049ho"
        }
    },
    "public": false,
    "snapshot_id": "AAAAOCPW/nre0wqcwPzcVGFyHNjNGzHF",
    "tracks": {
        "limit": 100,
        "next": null,
        "offset": 0,
        "previous": null,
        "href": "https://api.spotify.com/v1/playlists/1199oCzyExChAMd2WvVBMH/tracks",
        "total": 0,
        "items": [
            
        ]
    }
}
]]></system-out>
    <system-err><![CDATA[SLF4J: Failed to load class "org.slf4j.impl.StaticLoggerBinder".
SLF4J: Defaulting to no-operation (NOP) logger implementation
SLF4J: See http://www.slf4j.org/codes.html#StaticLoggerBinder for further details.
]]></system-err>
  </testcase>
  <testcase name="ShouldBeAbleToGetAPlaylist" classname="com.spotify.oauth2.tests.PlaylistTests" time="0.242">
    <system-out><![CDATA[Token is still good to Use ...........
Request method:	GET
Request URI:	https://api.spotify.com/v1/playlists/7eASB26Kje7M5LHZI0U0ws
Proxy:			<none>
Request params:	<none>
Query params:	<none>
Form params:	<none>
Path params:	<none>
Headers:		Authorization=Bearer BQB2QcGm7xF-cgN4PWkCSnrXSNcUoKqZLf18c-lFJ-RxdwoP-uu9Lf_6ejfNXN77kgRonYae7qIm2FC7gepSFJ6YFwrbQ0TwRPjb5_JHhZgtvuvc2DPRjatLdIOpFsavBzSgjWrBKCxwnuOzLa7nj0qWhCYAYbmC2GTVdRIi3TptchzmzxiiPPeB6zwhzrtrlyWgV4BAYbFaxRYsUFGYw7JO2Dea_u-L5S5edS1C_wcXmWFROMuehqw4C3-j9Vto3MA1DYHFu_lQe87_lLvS
				Accept=*/*
				Content-Type=application/json
Cookies:		<none>
Multiparts:		<none>
Body:			<none>
HTTP/1.1 200 OK
content-type: application/json; charset=utf-8
cache-control: public, max-age=0
etag: "MC-IjllYmQyMjBiODUzNDYwODI3M2JjOTI4MGVhY2FhYWRiIg=="
x-robots-tag: noindex, nofollow
access-control-allow-origin: *
access-control-allow-headers: Accept, App-Platform, Authorization, Content-Type, Origin, Retry-After, Spotify-App-Version, X-Cloud-Trace-Context, client-token, content-access-token
access-control-allow-methods: GET, POST, OPTIONS, PUT, DELETE, PATCH
access-control-allow-credentials: true
access-control-max-age: 604800
content-encoding: gzip
strict-transport-security: max-age=31536000
x-content-type-options: nosniff
date: Sat, 07 Dec 2024 03:40:25 GMT
server: envoy
Via: HTTP/2 edgeproxy, 1.1 google
Alt-Svc: h3=":443"; ma=2592000,h3-29=":443"; ma=2592000
Transfer-Encoding: chunked

{
    "collaborative": false,
    "description": "Awesome Chewing Gum WIth a Nice Song is also updated !",
    "external_urls": {
        "spotify": "https://open.spotify.com/playlist/7eASB26Kje7M5LHZI0U0ws"
    },
    "followers": {
        "href": null,
        "total": 0
    },
    "href": "https://api.spotify.com/v1/playlists/7eASB26Kje7M5LHZI0U0ws",
    "id": "7eASB26Kje7M5LHZI0U0ws",
    "images": null,
    "name": "Hubba Bubba is updated",
    "owner": {
        "display_name": "Manav",
        "external_urls": {
            "spotify": "https://open.spotify.com/user/36o5twxqjd1dgdtwloha049ho"
        },
        "href": "https://api.spotify.com/v1/users/36o5twxqjd1dgdtwloha049ho",
        "id": "36o5twxqjd1dgdtwloha049ho",
        "type": "user",
        "uri": "spotify:user:36o5twxqjd1dgdtwloha049ho"
    },
    "primary_color": null,
    "public": true,
    "snapshot_id": "AAAAApSvigAomLdzvBgfLGXR04sT8QkZ",
    "tracks": {
        "href": "https://api.spotify.com/v1/playlists/7eASB26Kje7M5LHZI0U0ws/tracks?offset=0&limit=0",
        "items": [
            
        ],
        "limit": 0,
        "next": null,
        "offset": 0,
        "previous": null,
        "total": 0
    },
    "type": "playlist",
    "uri": "spotify:playlist:7eASB26Kje7M5LHZI0U0ws"
}
]]></system-out>
  </testcase>
  <testcase name="ShouldBeAbleToUpdateAPlaylist" classname="com.spotify.oauth2.tests.PlaylistTests" time="0.262">
    <system-out><![CDATA[Token is still good to Use ...........
Request method:	PUT
Request URI:	https://api.spotify.com/v1/playlists/7eASB26Kje7M5LHZI0U0ws
Proxy:			<none>
Request params:	<none>
Query params:	<none>
Form params:	<none>
Path params:	<none>
Headers:		Authorization=Bearer BQB2QcGm7xF-cgN4PWkCSnrXSNcUoKqZLf18c-lFJ-RxdwoP-uu9Lf_6ejfNXN77kgRonYae7qIm2FC7gepSFJ6YFwrbQ0TwRPjb5_JHhZgtvuvc2DPRjatLdIOpFsavBzSgjWrBKCxwnuOzLa7nj0qWhCYAYbmC2GTVdRIi3TptchzmzxiiPPeB6zwhzrtrlyWgV4BAYbFaxRYsUFGYw7JO2Dea_u-L5S5edS1C_wcXmWFROMuehqw4C3-j9Vto3MA1DYHFu_lQe87_lLvS
				Accept=*/*
				Content-Type=application/json
Cookies:		<none>
Multiparts:		<none>
Body:
{
    "description": "Awesome Chewing Gum WIth a Nice Song is also updated !",
    "name": "Hubba Bubba is updated",
    "public": false
}
HTTP/1.1 200 OK
cache-control: private, max-age=0
x-robots-tag: noindex, nofollow
access-control-allow-origin: *
access-control-allow-headers: Accept, App-Platform, Authorization, Content-Type, Origin, Retry-After, Spotify-App-Version, X-Cloud-Trace-Context, client-token, content-access-token
access-control-allow-methods: GET, POST, OPTIONS, PUT, DELETE, PATCH
access-control-allow-credentials: true
access-control-max-age: 604800
Content-Length: 0
strict-transport-security: max-age=31536000
x-content-type-options: nosniff
date: Sat, 07 Dec 2024 03:40:25 GMT
server: envoy
Via: HTTP/2 edgeproxy, 1.1 google
Alt-Svc: h3=":443"; ma=2592000,h3-29=":443"; ma=2592000
]]></system-out>
  </testcase>
  <testcase name="ShouldNotBeAbleToCreateAPlaylistDueToWrongAccessToken" classname="com.spotify.oauth2.tests.PlaylistTests" time="0.147">
    <system-out><![CDATA[Request method:	POST
Request URI:	https://api.spotify.com/v1/users/36o5twxqjd1dgdtwloha049ho/playlists
Proxy:			<none>
Request params:	<none>
Query params:	<none>
Form params:	<none>
Path params:	<none>
Headers:		Authorization=Bearer 12345
				Accept=*/*
				Content-Type=application/json
Cookies:		<none>
Multiparts:		<none>
Body:
{
    "description": "Awesome Chewing Gum WIth a Nice Song is also updated !",
    "name": "Hubba Bubba is updated",
    "public": false
}
HTTP/1.1 401 Unauthorized
www-authenticate: Bearer realm="spotify", error="invalid_token", error_description="Invalid access token"
access-control-allow-origin: *
access-control-allow-headers: Accept, App-Platform, Authorization, Content-Type, Origin, Retry-After, Spotify-App-Version, X-Cloud-Trace-Context, client-token, content-access-token
access-control-allow-methods: GET, POST, OPTIONS, PUT, DELETE, PATCH
access-control-allow-credentials: true
access-control-max-age: 604800
content-type: application/json
content-encoding: gzip
strict-transport-security: max-age=31536000
x-content-type-options: nosniff
date: Sat, 07 Dec 2024 03:40:25 GMT
server: envoy
Via: HTTP/2 edgeproxy, 1.1 google
Alt-Svc: h3=":443"; ma=2592000,h3-29=":443"; ma=2592000
Transfer-Encoding: chunked

{
    "error": {
        "status": 401,
        "message": "Invalid access token"
    }
}
]]></system-out>
  </testcase>
  <testcase name="ShouldNotBeAbleToCreateAPlaylistWithoutName" classname="com.spotify.oauth2.tests.PlaylistTests" time="0.163">
    <system-out><![CDATA[Token is still good to Use ...........
Request method:	POST
Request URI:	https://api.spotify.com/v1/users/36o5twxqjd1dgdtwloha049ho/playlists
Proxy:			<none>
Request params:	<none>
Query params:	<none>
Form params:	<none>
Path params:	<none>
Headers:		Authorization=Bearer BQB2QcGm7xF-cgN4PWkCSnrXSNcUoKqZLf18c-lFJ-RxdwoP-uu9Lf_6ejfNXN77kgRonYae7qIm2FC7gepSFJ6YFwrbQ0TwRPjb5_JHhZgtvuvc2DPRjatLdIOpFsavBzSgjWrBKCxwnuOzLa7nj0qWhCYAYbmC2GTVdRIi3TptchzmzxiiPPeB6zwhzrtrlyWgV4BAYbFaxRYsUFGYw7JO2Dea_u-L5S5edS1C_wcXmWFROMuehqw4C3-j9Vto3MA1DYHFu_lQe87_lLvS
				Accept=*/*
				Content-Type=application/json
Cookies:		<none>
Multiparts:		<none>
Body:
{
    "description": "Awesome Chewing Gum WIth a Nice Song is also updated !",
    "name": "",
    "public": false
}
HTTP/1.1 400 Bad Request
content-type: application/json; charset=utf-8
cache-control: private, max-age=0
access-control-allow-origin: *
access-control-allow-headers: Accept, App-Platform, Authorization, Content-Type, Origin, Retry-After, Spotify-App-Version, X-Cloud-Trace-Context, client-token, content-access-token
access-control-allow-methods: GET, POST, OPTIONS, PUT, DELETE, PATCH
access-control-allow-credentials: true
access-control-max-age: 604800
content-encoding: gzip
strict-transport-security: max-age=31536000
x-content-type-options: nosniff
date: Sat, 07 Dec 2024 03:40:26 GMT
server: envoy
Via: HTTP/2 edgeproxy, 1.1 google
Alt-Svc: h3=":443"; ma=2592000,h3-29=":443"; ma=2592000
Transfer-Encoding: chunked

{
    "error": {
        "status": 400,
        "message": "Missing required field: name"
    }
}
]]></system-out>
  </testcase>
</testsuite>